<?xml version="1.0" encoding="UTF-8"?>
<!-- Generated by org.testng.reporters.JUnitReportReporter -->
<testsuite hostname="TXCHD-LAP-093" failures="0" tests="1" name="cawstudios.Assignment" time="35.532" errors="0" timestamp="2024-01-15T19:15:16 IST" skipped="0">
  <testcase classname="cawstudios.Assignment" name="Test" time="35.532"/>
</testsuite> <!-- cawstudios.Assignment -->
